  main.cpp
C:\Users\Yuki\Documents\GitHub\EchoEngine\EchoEngine\include\PhysicsEngine.h(192,1): warning C4244: '+=': conversion from 'float' to 'T', possible loss of data
          with
          [
              T=int32_t
          ]
C:\Users\Yuki\Documents\GitHub\EchoEngine\EchoEngine\include\PhysicsEngine.h(193,1): warning C4244: '+=': conversion from 'float' to 'T', possible loss of data
          with
          [
              T=int32_t
          ]
C:\Users\Yuki\Documents\GitHub\EchoEngine\EchoEngine\include\PhysicsEngine.h(197,20): warning C4244: '=': conversion from 'float' to 'T', possible loss of data
          with
          [
              T=int32_t
          ]
C:\Users\Yuki\Documents\GitHub\EchoEngine\EchoEngine\include\PhysicsEngine.h(198,20): warning C4244: '=': conversion from 'float' to 'T', possible loss of data
          with
          [
              T=int32_t
          ]
C:\Users\Yuki\Documents\GitHub\EchoEngine\Pong\main.cpp(47,42): warning C4244: 'argument': conversion from 'int' to 'float', possible loss of data
C:\Users\Yuki\Documents\GitHub\EchoEngine\Pong\main.cpp(47,35): warning C4244: 'argument': conversion from 'int' to 'float', possible loss of data
  systemDamage.cpp
C:\Users\Yuki\Documents\GitHub\EchoEngine\EchoEngine\include\PhysicsEngine.h(192,1): warning C4244: '+=': conversion from 'float' to 'T', possible loss of data
          with
          [
              T=int32_t
          ]
C:\Users\Yuki\Documents\GitHub\EchoEngine\EchoEngine\include\PhysicsEngine.h(193,1): warning C4244: '+=': conversion from 'float' to 'T', possible loss of data
          with
          [
              T=int32_t
          ]
C:\Users\Yuki\Documents\GitHub\EchoEngine\EchoEngine\include\PhysicsEngine.h(197,20): warning C4244: '=': conversion from 'float' to 'T', possible loss of data
          with
          [
              T=int32_t
          ]
C:\Users\Yuki\Documents\GitHub\EchoEngine\EchoEngine\include\PhysicsEngine.h(198,20): warning C4244: '=': conversion from 'float' to 'T', possible loss of data
          with
          [
              T=int32_t
          ]
  systemDead.cpp
C:\Users\Yuki\Documents\GitHub\EchoEngine\EchoEngine\include\PhysicsEngine.h(192,1): warning C4244: '+=': conversion from 'float' to 'T', possible loss of data
          with
          [
              T=int32_t
          ]
C:\Users\Yuki\Documents\GitHub\EchoEngine\EchoEngine\include\PhysicsEngine.h(193,1): warning C4244: '+=': conversion from 'float' to 'T', possible loss of data
          with
          [
              T=int32_t
          ]
C:\Users\Yuki\Documents\GitHub\EchoEngine\EchoEngine\include\PhysicsEngine.h(197,20): warning C4244: '=': conversion from 'float' to 'T', possible loss of data
          with
          [
              T=int32_t
          ]
C:\Users\Yuki\Documents\GitHub\EchoEngine\EchoEngine\include\PhysicsEngine.h(198,20): warning C4244: '=': conversion from 'float' to 'T', possible loss of data
          with
          [
              T=int32_t
          ]
C:\Users\Yuki\Documents\GitHub\EchoEngine\EchoEngine\include\PhysicsEngine.h(211,29): warning C4838: conversion from 'uint32_t' to 'T' requires a narrowing conversion
          with
          [
              T=float
          ]
C:\Users\Yuki\Documents\GitHub\EchoEngine\Pong\Systems\systemDead.cpp(13): message : see reference to function template instantiation 'Vec2D<float> PhysicsEngine::getPos<float>(BodyID)' being compiled
C:\Users\Yuki\Documents\GitHub\EchoEngine\EchoEngine\include\PhysicsEngine.h(211,29): warning C4244: 'initializing': conversion from 'uint32_t' to 'T', possible loss of data
          with
          [
              T=float
          ]
C:\Users\Yuki\Documents\GitHub\EchoEngine\EchoEngine\include\PhysicsEngine.h(211,50): warning C4838: conversion from 'uint32_t' to 'T' requires a narrowing conversion
          with
          [
              T=float
          ]
C:\Users\Yuki\Documents\GitHub\EchoEngine\EchoEngine\include\PhysicsEngine.h(211,50): warning C4244: 'initializing': conversion from 'uint32_t' to 'T', possible loss of data
          with
          [
              T=float
          ]
  systemDisplay.cpp
C:\Users\Yuki\Documents\GitHub\EchoEngine\EchoEngine\include\PhysicsEngine.h(192,1): warning C4244: '+=': conversion from 'float' to 'T', possible loss of data
          with
          [
              T=int32_t
          ]
C:\Users\Yuki\Documents\GitHub\EchoEngine\EchoEngine\include\PhysicsEngine.h(193,1): warning C4244: '+=': conversion from 'float' to 'T', possible loss of data
          with
          [
              T=int32_t
          ]
C:\Users\Yuki\Documents\GitHub\EchoEngine\EchoEngine\include\PhysicsEngine.h(197,20): warning C4244: '=': conversion from 'float' to 'T', possible loss of data
          with
          [
              T=int32_t
          ]
C:\Users\Yuki\Documents\GitHub\EchoEngine\EchoEngine\include\PhysicsEngine.h(198,20): warning C4244: '=': conversion from 'float' to 'T', possible loss of data
          with
          [
              T=int32_t
          ]
C:\Users\Yuki\Documents\GitHub\EchoEngine\EchoEngine\include\PhysicsEngine.h(211,29): warning C4838: conversion from 'uint32_t' to 'T' requires a narrowing conversion
          with
          [
              T=int32_t
          ]
C:\Users\Yuki\Documents\GitHub\EchoEngine\Pong\Systems\systemDisplay.cpp(20): message : see reference to function template instantiation 'Vec2D<int32_t> PhysicsEngine::getPos<int32_t>(BodyID)' being compiled
C:\Users\Yuki\Documents\GitHub\EchoEngine\EchoEngine\include\PhysicsEngine.h(211,50): warning C4838: conversion from 'uint32_t' to 'T' requires a narrowing conversion
          with
          [
              T=int32_t
          ]
C:\Users\Yuki\Documents\GitHub\EchoEngine\EchoEngine\include\PhysicsEngine.h(217,29): warning C4838: conversion from 'uint32_t' to 'T' requires a narrowing conversion
          with
          [
              T=int32_t
          ]
C:\Users\Yuki\Documents\GitHub\EchoEngine\Pong\Systems\systemDisplay.cpp(32): message : see reference to function template instantiation 'Vec2D<int32_t> PhysicsEngine::getSize<int32_t>(BodyID)' being compiled
C:\Users\Yuki\Documents\GitHub\EchoEngine\EchoEngine\include\PhysicsEngine.h(217,50): warning C4838: conversion from 'uint32_t' to 'T' requires a narrowing conversion
          with
          [
              T=int32_t
          ]
  systemPlayer.cpp
C:\Users\Yuki\Documents\GitHub\EchoEngine\EchoEngine\include\PhysicsEngine.h(192,1): warning C4244: '+=': conversion from 'float' to 'T', possible loss of data
          with
          [
              T=int32_t
          ]
C:\Users\Yuki\Documents\GitHub\EchoEngine\EchoEngine\include\PhysicsEngine.h(193,1): warning C4244: '+=': conversion from 'float' to 'T', possible loss of data
          with
          [
              T=int32_t
          ]
C:\Users\Yuki\Documents\GitHub\EchoEngine\EchoEngine\include\PhysicsEngine.h(197,20): warning C4244: '=': conversion from 'float' to 'T', possible loss of data
          with
          [
              T=int32_t
          ]
C:\Users\Yuki\Documents\GitHub\EchoEngine\EchoEngine\include\PhysicsEngine.h(198,20): warning C4244: '=': conversion from 'float' to 'T', possible loss of data
          with
          [
              T=int32_t
          ]
C:\Users\Yuki\Documents\GitHub\EchoEngine\Pong\Systems\systemPlayer.cpp(30,21): warning C4018: '>': signed/unsigned mismatch
C:\Users\Yuki\Documents\GitHub\EchoEngine\Pong\Systems\systemPlayer.cpp(30,42): warning C4018: '>': signed/unsigned mismatch
C:\Users\Yuki\Documents\GitHub\EchoEngine\Pong\Systems\systemPlayer.cpp(32,30): warning C4838: conversion from 'int' to 'T' requires a narrowing conversion
          with
          [
              T=float
          ]
C:\Users\Yuki\Documents\GitHub\EchoEngine\Pong\Systems\systemPlayer.cpp(32,30): warning C4244: 'initializing': conversion from 'int' to 'T', possible loss of data
          with
          [
              T=float
          ]
C:\Users\Yuki\Documents\GitHub\EchoEngine\Pong\Systems\systemPlayer.cpp(32,34): warning C4838: conversion from 'int' to 'T' requires a narrowing conversion
          with
          [
              T=float
          ]
C:\Users\Yuki\Documents\GitHub\EchoEngine\Pong\Systems\systemPlayer.cpp(32,34): warning C4244: 'initializing': conversion from 'int' to 'T', possible loss of data
          with
          [
              T=float
          ]
C:\Users\Yuki\Documents\GitHub\EchoEngine\Pong\Systems\systemPlayer.cpp(49,60): warning C4244: 'argument': conversion from 'T' to 'int32_t', possible loss of data
          with
          [
              T=float
          ]
C:\Users\Yuki\Documents\GitHub\EchoEngine\Pong\Systems\systemPlayer.cpp(49,48): warning C4244: 'argument': conversion from 'T' to 'int32_t', possible loss of data
          with
          [
              T=float
          ]
C:\Users\Yuki\Documents\GitHub\EchoEngine\EchoEngine\include\PhysicsEngine.h(45,1): warning C4244: '/=': conversion from 'double' to 'T', possible loss of data
          with
          [
              T=float
          ]
C:\Users\Yuki\Documents\GitHub\EchoEngine\EchoEngine\include\PhysicsEngine.h(42): message : while compiling class template member function 'void Vec2D<float>::normalize(uint32_t)'
C:\Users\Yuki\Documents\GitHub\EchoEngine\Pong\Systems\systemPlayer.cpp(40): message : see reference to function template instantiation 'void Vec2D<float>::normalize(uint32_t)' being compiled
C:\Users\Yuki\Documents\GitHub\EchoEngine\Pong\Systems\systemPlayer.cpp(32): message : see reference to class template instantiation 'Vec2D<float>' being compiled
C:\Users\Yuki\Documents\GitHub\EchoEngine\EchoEngine\include\PhysicsEngine.h(45,1): warning C4244: '/=': conversion from 'double' to 'T', possible loss of data
          with
          [
              T=float
          ]
C:\Users\Yuki\Documents\GitHub\EchoEngine\EchoEngine\include\PhysicsEngine.h(211,29): warning C4838: conversion from 'uint32_t' to 'T' requires a narrowing conversion
          with
          [
              T=float
          ]
C:\Users\Yuki\Documents\GitHub\EchoEngine\Pong\Systems\systemPlayer.cpp(33): message : see reference to function template instantiation 'Vec2D<float> PhysicsEngine::getPos<float>(BodyID)' being compiled
C:\Users\Yuki\Documents\GitHub\EchoEngine\EchoEngine\include\PhysicsEngine.h(211,29): warning C4244: 'initializing': conversion from 'uint32_t' to 'T', possible loss of data
          with
          [
              T=float
          ]
C:\Users\Yuki\Documents\GitHub\EchoEngine\EchoEngine\include\PhysicsEngine.h(211,50): warning C4838: conversion from 'uint32_t' to 'T' requires a narrowing conversion
          with
          [
              T=float
          ]
C:\Users\Yuki\Documents\GitHub\EchoEngine\EchoEngine\include\PhysicsEngine.h(211,50): warning C4244: 'initializing': conversion from 'uint32_t' to 'T', possible loss of data
          with
          [
              T=float
          ]
C:\Users\Yuki\Documents\GitHub\EchoEngine\EchoEngine\include\PhysicsEngine.h(217,29): warning C4838: conversion from 'uint32_t' to 'T' requires a narrowing conversion
          with
          [
              T=float
          ]
C:\Users\Yuki\Documents\GitHub\EchoEngine\Pong\Systems\systemPlayer.cpp(34): message : see reference to function template instantiation 'Vec2D<float> PhysicsEngine::getSize<float>(BodyID)' being compiled
C:\Users\Yuki\Documents\GitHub\EchoEngine\EchoEngine\include\PhysicsEngine.h(217,29): warning C4244: 'initializing': conversion from 'uint32_t' to 'T', possible loss of data
          with
          [
              T=float
          ]
C:\Users\Yuki\Documents\GitHub\EchoEngine\EchoEngine\include\PhysicsEngine.h(217,50): warning C4838: conversion from 'uint32_t' to 'T' requires a narrowing conversion
          with
          [
              T=float
          ]
C:\Users\Yuki\Documents\GitHub\EchoEngine\EchoEngine\include\PhysicsEngine.h(217,50): warning C4244: 'initializing': conversion from 'uint32_t' to 'T', possible loss of data
          with
          [
              T=float
          ]
  systems.cpp
C:\Users\Yuki\Documents\GitHub\EchoEngine\EchoEngine\include\PhysicsEngine.h(192,1): warning C4244: '+=': conversion from 'float' to 'T', possible loss of data
          with
          [
              T=int32_t
          ]
C:\Users\Yuki\Documents\GitHub\EchoEngine\EchoEngine\include\PhysicsEngine.h(193,1): warning C4244: '+=': conversion from 'float' to 'T', possible loss of data
          with
          [
              T=int32_t
          ]
C:\Users\Yuki\Documents\GitHub\EchoEngine\EchoEngine\include\PhysicsEngine.h(197,20): warning C4244: '=': conversion from 'float' to 'T', possible loss of data
          with
          [
              T=int32_t
          ]
C:\Users\Yuki\Documents\GitHub\EchoEngine\EchoEngine\include\PhysicsEngine.h(198,20): warning C4244: '=': conversion from 'float' to 'T', possible loss of data
          with
          [
              T=int32_t
          ]
  Generating Code...
  Pong.vcxproj -> C:\Users\Yuki\Documents\GitHub\EchoEngine\EchoEngine\Debug\Pong.exe
