c:\users\yuki\documents\github\echoengine\game\release\vc142.pdb
c:\users\yuki\documents\github\echoengine\game\release\systems.obj
c:\users\yuki\documents\github\echoengine\game\release\systemplayer.obj
c:\users\yuki\documents\github\echoengine\game\release\systemdisplay.obj
c:\users\yuki\documents\github\echoengine\game\release\systemdead.obj
c:\users\yuki\documents\github\echoengine\game\release\systemdamage.obj
c:\users\yuki\documents\github\echoengine\game\release\systemai.obj
c:\users\yuki\documents\github\echoengine\game\release\main.obj
c:\users\yuki\documents\github\echoengine\echoengine\release\game.ipdb
c:\users\yuki\documents\github\echoengine\echoengine\release\game.iobj
c:\users\yuki\documents\github\echoengine\game\release\vcpkg.applocal.log
c:\users\yuki\documents\github\echoengine\echoengine\release\sdl2.dll
c:\users\yuki\documents\github\echoengine\echoengine\release\game.exe
c:\users\yuki\documents\github\echoengine\echoengine\release\game.pdb
c:\users\yuki\documents\github\echoengine\game\release\game.tlog\cl.command.1.tlog
c:\users\yuki\documents\github\echoengine\game\release\game.tlog\cl.read.1.tlog
c:\users\yuki\documents\github\echoengine\game\release\game.tlog\cl.write.1.tlog
c:\users\yuki\documents\github\echoengine\game\release\game.tlog\game.write.1u.tlog
c:\users\yuki\documents\github\echoengine\game\release\game.tlog\link.command.1.tlog
c:\users\yuki\documents\github\echoengine\game\release\game.tlog\link.read.1.tlog
c:\users\yuki\documents\github\echoengine\game\release\game.tlog\link.write.1.tlog
