c:\users\yuki\documents\github\echoengine\game\x64\release\vc142.pdb
c:\users\yuki\documents\github\echoengine\game\x64\release\systems.obj
c:\users\yuki\documents\github\echoengine\game\x64\release\systemplayer.obj
c:\users\yuki\documents\github\echoengine\game\x64\release\systemdisplay.obj
c:\users\yuki\documents\github\echoengine\game\x64\release\systemdead.obj
c:\users\yuki\documents\github\echoengine\game\x64\release\systemdamage.obj
c:\users\yuki\documents\github\echoengine\game\x64\release\systemai.obj
c:\users\yuki\documents\github\echoengine\game\x64\release\main.obj
c:\users\yuki\documents\github\echoengine\echoengine\x64\release\game.ipdb
c:\users\yuki\documents\github\echoengine\echoengine\x64\release\game.iobj
c:\users\yuki\documents\github\echoengine\game\x64\release\vcpkg.applocal.log
c:\users\yuki\documents\github\echoengine\echoengine\x64\release\game.exe
c:\users\yuki\documents\github\echoengine\echoengine\x64\release\game.pdb
c:\users\yuki\documents\github\echoengine\game\x64\release\game.tlog\cl.command.1.tlog
c:\users\yuki\documents\github\echoengine\game\x64\release\game.tlog\cl.read.1.tlog
c:\users\yuki\documents\github\echoengine\game\x64\release\game.tlog\cl.write.1.tlog
c:\users\yuki\documents\github\echoengine\game\x64\release\game.tlog\game.write.1u.tlog
c:\users\yuki\documents\github\echoengine\game\x64\release\game.tlog\link.command.1.tlog
c:\users\yuki\documents\github\echoengine\game\x64\release\game.tlog\link.read.1.tlog
c:\users\yuki\documents\github\echoengine\game\x64\release\game.tlog\link.write.1.tlog
